Arguments: 
  /Users/omeed/.nvm/versions/node/v15.3.0/bin/node /usr/local/Cellar/yarn/1.22.10/libexec/bin/yarn.js add --dev @types/fs

PATH: 
  /Users/omeed/anaconda3/envs/thesis/bin:/Users/omeed/google-cloud-sdk/bin:/usr/local/Cellar/postgresql@11/11.10/bin:/Users/omeed/.nvm/versions/node/v15.3.0/bin:/usr/local/bin:/usr/bin:/bin:/usr/sbin:/sbin:/Users/omeed/google-cloud-sdk/bin:/usr/local/Cellar/postgresql@11/11.10/bin:/Users/omeed/anaconda3/condabin:/Users/omeed/.nvm/versions/node/v15.3.0/bin

Yarn version: 
  1.22.10

Node version: 
  15.3.0

Platform: 
  darwin x64

Trace: 
  Error: https://registry.yarnpkg.com/@types%2ffs: Not found
      at Request.params.callback [as _callback] (/usr/local/Cellar/yarn/1.22.10/libexec/lib/cli.js:66988:18)
      at Request.self.callback (/usr/local/Cellar/yarn/1.22.10/libexec/lib/cli.js:140749:22)
      at Request.emit (node:events:376:20)
      at Request.<anonymous> (/usr/local/Cellar/yarn/1.22.10/libexec/lib/cli.js:141721:10)
      at Request.emit (node:events:376:20)
      at IncomingMessage.<anonymous> (/usr/local/Cellar/yarn/1.22.10/libexec/lib/cli.js:141643:12)
      at Object.onceWrapper (node:events:482:28)
      at IncomingMessage.emit (node:events:388:22)
      at endReadableNT (node:internal/streams/readable:1294:12)
      at processTicksAndRejections (node:internal/process/task_queues:80:21)

npm manifest: 
  {
    "name": "simulators",
    "version": "1.0.0",
    "description": "Interaction simulators.",
    "main": "index.ts",
    "author": "Omeed Habibelahian",
    "license": "MIT",
    "dependencies": {
      "axios": "^0.21.0",
      "csv-parser": "^2.3.4",
      "lodash": "^4.17.20"
    },
    "scripts": {
      "oracle": "ts-node oracle.ts",
      "anti-oracle": "ts-node anti-oracle.ts",
      "bayesian-learner": "ts-node bayesian-learner.ts"
    },
    "devDependencies": {
      "@types/lodash": "^4.14.165"
    }
  }

yarn manifest: 
  No manifest

Lockfile: 
  # THIS IS AN AUTOGENERATED FILE. DO NOT EDIT THIS FILE DIRECTLY.
  # yarn lockfile v1
  
  
  "@types/lodash@^4.14.165":
    version "4.14.165"
    resolved "https://registry.yarnpkg.com/@types/lodash/-/lodash-4.14.165.tgz#74d55d947452e2de0742bad65270433b63a8c30f"
    integrity sha512-tjSSOTHhI5mCHTy/OOXYIhi2Wt1qcbHmuXD1Ha7q70CgI/I71afO4XtLb/cVexki1oVYchpul/TOuu3Arcdxrg==
  
  axios@^0.21.0:
    version "0.21.0"
    resolved "https://registry.yarnpkg.com/axios/-/axios-0.21.0.tgz#26df088803a2350dff2c27f96fef99fe49442aca"
    integrity sha512-fmkJBknJKoZwem3/IKSSLpkdNXZeBu5Q7GA/aRsr2btgrptmSCxi2oFjZHqGdK9DoTil9PIHlPIZw2EcRJXRvw==
    dependencies:
      follow-redirects "^1.10.0"
  
  csv-parser@^2.3.4:
    version "2.3.4"
    resolved "https://registry.yarnpkg.com/csv-parser/-/csv-parser-2.3.4.tgz#f8172e77d416bf89a422dc0bc6f56b4839962ecb"
    integrity sha512-UlzYZEiHR5OQTh0C97HeZfSBOCshKIe0NpG5vYlgAcXheDKvZoIHvZNMgg1IGvtvbSKVRB6/UIA4xxjzKi2TFA==
    dependencies:
      minimist "^1.2.0"
  
  follow-redirects@^1.10.0:
    version "1.13.0"
    resolved "https://registry.yarnpkg.com/follow-redirects/-/follow-redirects-1.13.0.tgz#b42e8d93a2a7eea5ed88633676d6597bc8e384db"
    integrity sha512-aq6gF1BEKje4a9i9+5jimNFIpq4Q1WiwBToeRK5NvZBd/TRsmW8BsJfOEGkr76TbOyPVD3OVDN910EcUNtRYEA==
  
  lodash@^4.17.20:
    version "4.17.20"
    resolved "https://registry.yarnpkg.com/lodash/-/lodash-4.17.20.tgz#b44a9b6297bcb698f1c51a3545a2b3b368d59c52"
    integrity sha512-PlhdFcillOINfeV7Ni6oF1TAEayyZBoZ8bcshTHqOYJYlrqzRK5hagpagky5o4HfCzzd1TRkXPMFq6cKk9rGmA==
  
  minimist@^1.2.0:
    version "1.2.5"
    resolved "https://registry.yarnpkg.com/minimist/-/minimist-1.2.5.tgz#67d66014b66a6a8aaa0c083c5fd58df4e4e97602"
    integrity sha512-FM9nNUYrRBAELZQT3xeZQ7fmMOBg6nWNmJKTcgsJeaLstP/UODVpGsr5OhXhhXg6f+qtJ8uiZ+PUxkDWcgIXLw==
